S b2c0, 8
M ea6d, 8
L dcb7, 8
M 7176, 8
M 267c, 8
S 984e, 8
S 925d, 8
M 36b3, 8
S 244a, 8
S 2320, 8
S ada5, 8
S 46ab, 8
M 1f6e, 8
M 60b9, 8
S c534, 8
L 73e2, 8
S 6fce, 8
L 7f4a, 8
M 6073, 8
M af59, 8
L 494c, 8
L e80e, 8
S 2ae0, 8
L 284a, 8
M 5122, 8
M 48c, 8
S d095, 8
L e049, 8
L c95d, 8
L a789, 8
L 7ea8, 8
M 6b7e, 8
L 8f2d, 8
L 3978, 8
L fa7f, 8
S 8e80, 8
S ef0, 8
S fb7d, 8
M 91eb, 8
L 88f, 8
L 523a, 8
S 3ea7, 8
M 8d3c, 8
M b670, 8
L 1b9b, 8
L bc04, 8
M 3d5d, 8
S d798, 8
L 62d1, 8
L b806, 8
S 31eb, 8
S 19fe, 8
S 4ece, 8
S bd84, 8
L a045, 8
M f8f3, 8
M bbae, 8
S cadd, 8
S 5c49, 8
L 10fd, 8
L 9f, 8
S 2d0b, 8
L a1, 8
S 7302, 8
L 39b, 8
L ac84, 8
S 695f, 8
L e7cd, 8
M 9440, 8
M 6b1f, 8
L 1b57, 8
S 9791, 8
S 4f57, 8
S 1001, 8
L b3cb, 8
L f05f, 8
L d0e1, 8
L 9a7e, 8
L 4ebf, 8
S 49fa, 8
M 5634, 8
S 31ca, 8
S 7ed2, 8
S aef0, 8
S dbd7, 8
S 8ad, 8
S 72c9, 8
S baa7, 8
S 8e28, 8
L 683d, 8
S b00a, 8
L a9fe, 8
L 9e3f, 8
S 1ca, 8
L 992a, 8
M f786, 8
L 27d, 8
S da3a, 8
S a043, 8
S 8759, 8
