0 M cce, 8
0 L 371f, 4
0 S 19a62, 8
0 L ed19, 4
0 L 1542b, 4
0 S fbd3, 4
0 M 1207e, 8
0 M 59ec, 8
0 M 568c, 8
0 M c26f, 8
1 M 16df8, 8
1 M 339, 4
1 S 1cab0, 8
1 L 1b345, 4
1 S a1df, 4
1 S b2d1, 4
1 L defa, 4
1 L 1e06, 4
1 S 146fc, 8
1 L f5b1, 8
1 L 15c8a, 8
2 S 137f9, 4
2 L 113a1, 4
2 M 1024b, 4
2 M 8b07, 4
2 S 1753b, 8
2 S 1c2fa, 4
2 L 12678, 8
2 M 3b0a, 8
2 S 1cccf, 4
0 L 1b33d, 4
0 M a014, 4
0 L 927c, 4
0 M aa3, 4
0 M 1537e, 4
1 M 11ac0, 4
1 S 1b858, 4
1 S fb7d, 4
1 L eb09, 4
1 S d1da, 8
1 S 77de, 4
1 M 128d3, 4
1 M 101c1, 8
2 L 13abe, 8
2 S 58b1, 8
2 L 17df5, 8
2 L 1a7a5, 4
2 S 12e0d, 8
2 M 15864, 4
2 L 1427d, 8
3 L 5a1a, 4
3 S 143d5, 4
3 L 1a107, 4
3 L 131ee, 8
3 M 95fa, 4
3 S 44bd, 4
3 S 129e9, 8
3 S 5cc6, 8
3 M c5c5, 4
3 L 9cba, 4
3 L 106d, 4
3 L 10e2e, 8
3 M 131c6, 4
3 M 37b0, 8
3 M 10871, 4
3 M 9cc0, 8
1 M 11007, 4
1 L d289, 4
1 M 167ea, 8
1 S 10eeb, 8
1 S ee04, 4
1 L 14258, 4
1 S 5cdc, 8
1 M 3d60, 8
1 S 1a9f1, 4
1 M 64c0, 8
1 M 115, 8
1 L 11310, 8
1 L cf2e, 8
1 M c9b8, 4
1 S 14e25, 8
1 S 1c96e, 8
1 M 11d11, 8
1 L 3d60, 4
1 M e598, 8
0 S 2422, 8
0 M 8e83, 4
0 S 12fa5, 8
0 M b6ca, 4
0 S fe81, 8
0 S 65f8, 8
0 S 5359, 8
0 S 122d1, 8
0 S be8c, 4
0 M c6d2, 8
0 S 8834, 8
0 S 674d, 8
0 L 4d3c, 4
0 L f809, 4
0 M 1d37f, 8